<?xml version="1.0" encoding="UTF-8"?>
<!-- Generated by org.testng.reporters.JUnitReportReporter -->
<testsuite hostname="LIN65004458" failures="0" tests="1" name="frameworks.E2ETest" time="6.492" errors="0" timestamp="2025-01-30T11:48:35 IST" skipped="0">
  <testcase classname="frameworks.E2ETest" name="getE2Etest" time="6.492"/>
  <system-out/>
</testsuite> <!-- frameworks.E2ETest -->
