<?xml version="1.0" encoding="UTF-8"?>
<!-- Generated by org.testng.reporters.JUnitReportReporter -->
<testsuite hostname="LIN65004458" failures="0" tests="1" name="Frameworks25.ExtentReports25.ExtentReportsDemo" time="6.913" errors="0" timestamp="2025-02-06T12:34:00 IST" skipped="0">
  <testcase classname="Frameworks25.ExtentReports25.ExtentReportsDemo" name="initialDemo" time="6.913"/>
</testsuite> <!-- Frameworks25.ExtentReports25.ExtentReportsDemo -->
