<?xml version="1.0" encoding="UTF-8"?>
<!-- Generated by org.testng.reporters.JUnitReportReporter -->
<testsuite hostname="LIN65004458" failures="0" tests="1" name="testNGDemo.ChildclassDemo" time="0.007" errors="0" timestamp="2025-01-29T16:20:24 IST" skipped="0">
  <testcase classname="testNGDemo.ChildclassDemo" name="runchildTest" time="0.007"/>
  <system-out/>
</testsuite> <!-- testNGDemo.ChildclassDemo -->
