<?xml version="1.0" encoding="UTF-8"?>
<!-- Generated by org.testng.reporters.JUnitReportReporter -->
<testsuite hostname="LIN65004458" failures="0" tests="2" name="testNGDemo.Demo5" time="0.001" errors="0" timestamp="2025-01-29T14:43:26 IST" skipped="1">
  <testcase classname="testNGDemo.Demo5" name="demoTest" time="0.001"/>
  <system-out/>
  <testcase classname="testNGDemo.Demo5" name="WebTest">
    <skipped/>
  </testcase> <!-- WebTest -->
  <system-out/>
</testsuite> <!-- testNGDemo.Demo5 -->
