<?xml version="1.0" encoding="UTF-8"?>
<!-- Generated by org.testng.reporters.JUnitReportReporter -->
<testsuite hostname="LIN65004458" failures="0" tests="3" name="testNGDemo.Demo3" time="0.009" errors="0" timestamp="2025-01-29T14:43:26 IST" skipped="0">
  <testcase classname="testNGDemo.Demo3" name="WebLoginHomeLoan" time="0.002"/>
  <system-out/>
  <testcase classname="testNGDemo.Demo3" name="MobileLoginHomeLoan" time="0.005"/>
  <system-out/>
  <testcase classname="testNGDemo.Demo3" name="getParameters" time="0.002"/>
  <system-out/>
</testsuite> <!-- testNGDemo.Demo3 -->
