<?xml version="1.0" encoding="UTF-8"?>
<!-- Generated by org.testng.reporters.JUnitReportReporter -->
<testsuite hostname="LIN65004458" failures="0" tests="3" name="testNGDemo.Demo6" time="0.010" errors="0" timestamp="2025-01-28T16:43:22 IST" skipped="0">
  <testcase classname="testNGDemo.Demo6" name="Testdemo" time="0.008"/>
  <system-out/>
  <testcase classname="testNGDemo.Demo6" name="Testdemo1" time="0.001"/>
  <system-out/>
  <testcase classname="testNGDemo.Demo6" name="Testdemo2" time="0.001"/>
  <system-out/>
</testsuite> <!-- testNGDemo.Demo6 -->
