<?xml version="1.0" encoding="UTF-8"?>
<!-- Generated by org.testng.reporters.JUnitReportReporter -->
<testsuite hostname="LIN65004458" failures="0" tests="1" name="testNGDemo.Demo4" time="0.002" errors="0" timestamp="2025-01-29T14:43:26 IST" skipped="0">
  <testcase classname="testNGDemo.Demo4" name="APILoginPersonalLoan" time="0.002"/>
  <system-out/>
</testsuite> <!-- testNGDemo.Demo4 -->
