<?xml version="1.0" encoding="UTF-8"?>
<!-- Generated by org.testng.reporters.JUnitReportReporter -->
<testsuite hostname="LIN65004458" failures="0" tests="4" name="testNGDemo.Demo2" time="0.005" errors="0" timestamp="2025-01-29T14:43:26 IST" skipped="0">
  <testcase classname="testNGDemo.Demo2" name="Login" time="0.001"/>
  <system-out/>
  <testcase classname="testNGDemo.Demo2" name="Login" time="0.001"/>
  <system-out/>
  <testcase classname="testNGDemo.Demo2" name="Login" time="0.001"/>
  <system-out/>
  <testcase classname="testNGDemo.Demo2" name="demo2" time="0.002"/>
  <system-out/>
</testsuite> <!-- testNGDemo.Demo2 -->
